2025-06-17 03:38:02,840 - ======================== KnobManager
2025-06-17 03:38:03,145 - ======================== ConfigManager
2025-06-17 03:38:03,145 - ======================== parse_arguments
2025-06-17 03:38:03,148 - --------------- Template: /home/scratch.zbuchris_cpu/Arrow/ArrowProject_NV/Arrow/Internal_content/templates/direct_template.py
2025-06-17 03:38:03,148 - --------------- Internal Content directory: /home/scratch.zbuchris_cpu/Arrow/ArrowProject_NV/Arrow/Internal_content
2025-06-17 03:38:03,148 - --------------- Output directory: Output (default)
2025-06-17 03:38:03,153 - --------------- seed: 1234
2025-06-17 03:38:03,172 - --------------- architecture: arm (default)
2025-06-17 03:38:03,173 - --------------- Cloud_mode: False (default)
2025-06-17 03:38:03,173 - --------------- execution_platform: baremetal (default)
2025-06-17 03:38:03,173 - --------------- upload_statistics: False
2025-06-17 03:38:03,174 - --------------- identifier: zohar_work_pc
2025-06-17 03:38:03,174 - --------------- debug_mode: True (defaults)
2025-06-17 03:38:03,174 - --------------- instruction_debug_prints: False
2025-06-17 03:38:03,175 - --------------- memory_debug_prints: memory_log
2025-06-17 03:38:03,175 - --------------- create_binary: True
2025-06-17 03:38:03,175 - ==== Arrow main
2025-06-17 03:38:03,259 - ======== read_inputs
2025-06-17 03:38:03,259 - ============ read_template
2025-06-17 03:38:03,282 - ======================== AR_API
2025-06-17 03:38:03,289 - ======================== ScenarioManager
2025-06-17 03:38:03,289 - ======== evaluate_section
2025-06-17 03:38:03,290 - ======== init_section
2025-06-17 03:38:03,290 - ============ init_state
2025-06-17 03:38:03,290 - --------------- Creating state for core_0
2025-06-17 03:38:03,291 - ==================== RegisterManager
2025-06-17 03:38:03,291 - --------------- Creating state for core_1
2025-06-17 03:38:03,291 - ==================== RegisterManager
2025-06-17 03:38:03,292 - ============ init_registers
2025-06-17 03:38:03,292 - ======== init_segments
2025-06-17 03:38:03,444 - ======== init_segments
2025-06-17 03:38:03,723 - ======== init_exception_tables
2025-06-17 03:38:03,768 - ============ init_exception_tables: core_0_el3_root vbar_label: label_4873_exception_table_core_0_el3_root_code_segment
2025-06-17 03:38:03,808 - ============ init_exception_tables: core_0_el1_ns vbar_label: label_4880_exception_table_core_0_el1_ns_code_segment
2025-06-17 03:38:03,835 - ============ init_exception_tables: core_1_el3_root vbar_label: label_4887_exception_table_core_1_el3_root_code_segment
2025-06-17 03:38:03,864 - ============ init_exception_tables: core_1_el1_ns vbar_label: label_4894_exception_table_core_1_el1_ns_code_segment
2025-06-17 03:38:03,864 - [MEMORY] ==== MEMORY STATE SUMMARY ====
2025-06-17 03:38:03,864 - [MEMORY] ---- Page Table: core_0_el3_root
2025-06-17 03:38:03,865 - [MEMORY] ------ Pages: 33 total (16 code, 17 data, 0 other)
2025-06-17 03:38:03,865 - [MEMORY] -------- Code Pages (16):
2025-06-17 03:38:03,866 - [MEMORY] ------------ Page 0: EL3, VA:0x82000000-0x82000fff, PA:0x82000000, size:0x1000
2025-06-17 03:38:03,867 - [MEMORY] ------------ Page 1: EL3, VA:0x81a00000-0x81bfffff, PA:0x81a00000, size:0x200000
2025-06-17 03:38:03,867 - [MEMORY] ------------ Page 2: EL3, VA:0x131000000-0x1311fffff, PA:0x80600000, size:0x200000
2025-06-17 03:38:03,868 - [MEMORY] ------------ Page 3: EL3, VA:0x80200000-0x803fffff, PA:0x1cf400000, size:0x200000
2025-06-17 03:38:03,868 - [MEMORY] ------------ Page 4: EL3, VA:0x8195a000-0x8195afff, PA:0x1bfad7000, size:0x1000
2025-06-17 03:38:03,869 - [MEMORY] ------------ Page 5: EL3, VA:0x8ac6f000-0x8ac6ffff, PA:0x182f51000, size:0x1000
2025-06-17 03:38:03,869 - [MEMORY] ------------ Page 6: EL3, VA:0x81c81000-0x81c81fff, PA:0x151453000, size:0x1000
2025-06-17 03:38:03,869 - [MEMORY] ------------ Page 7: EL3, VA:0xace22000-0xace22fff, PA:0xd5e6e000, size:0x1000
2025-06-17 03:38:03,870 - [MEMORY] ------------ Page 8: EL3, VA:0xe7600000-0xe77fffff, PA:0x1e1600000, size:0x200000
2025-06-17 03:38:03,870 - [MEMORY] ------------ Page 9: EL3, VA:0xe7800000-0xe79fffff, PA:0x1e1800000, size:0x200000
2025-06-17 03:38:03,871 - [MEMORY] ------------ Page 10: EL3, VA:0x80e00000-0x80ffffff, PA:0x81c00000, size:0x200000
2025-06-17 03:38:03,871 - [MEMORY] ------------ Page 11: EL3, VA:0x81000000-0x811fffff, PA:0x81e00000, size:0x200000
2025-06-17 03:38:03,871 - [MEMORY] ------------ Page 12: EL3, VA:0x81e00000-0x81ffffff, PA:0x80200000, size:0x200000
2025-06-17 03:38:03,872 - [MEMORY] ------------ Page 13: EL3, VA:0x185000000-0x1851fffff, PA:0x81800000, size:0x200000
2025-06-17 03:38:03,872 - [MEMORY] ------------ Page 14: EL3, VA:0x83c64000-0x83c64fff, PA:0x1d3e4f000, size:0x1000
2025-06-17 03:38:03,872 - [MEMORY] ------------ Page 15: EL3, VA:0x10eb71000-0x10eb71fff, PA:0x1c04fa000, size:0x1000
2025-06-17 03:38:03,873 - [MEMORY] -------- Data Pages (17):
2025-06-17 03:38:03,873 - [MEMORY] ------------ Page 0: EL3, VA:0xe4e00000-0xe4ffffff, PA:0xd6000000, size:0x200000
2025-06-17 03:38:03,874 - [MEMORY] ------------ Page 1: EL3, VA:0x819a0000-0x819a0fff, PA:0xa86f6000, size:0x1000
2025-06-17 03:38:03,874 - [MEMORY] ------------ Page 2: EL3, VA:0x144e85000-0x144e85fff, PA:0x258899000, size:0x1000
2025-06-17 03:38:03,874 - [MEMORY] ------------ Page 3: EL3, VA:0xcca00000-0xccbfffff, PA:0x176a00000, size:0x200000
2025-06-17 03:38:03,874 - [MEMORY] ------------ Page 4: EL3, VA:0xe6e00000-0xe6ffffff, PA:0x80400000, size:0x200000
2025-06-17 03:38:03,875 - [MEMORY] ------------ Page 5: EL3, VA:0x256400000-0x2565fffff, PA:0x1d0a00000, size:0x200000
2025-06-17 03:38:03,875 - [MEMORY] ------------ Page 6: EL3, VA:0xe6600000-0xe67fffff, PA:0x224000000, size:0x200000
2025-06-17 03:38:03,875 - [MEMORY] ------------ Page 7: EL3, VA:0xe6800000-0xe69fffff, PA:0x1f9600000, size:0x200000
2025-06-17 03:38:03,875 - [MEMORY] ------------ Page 8: EL3, VA:0x17cc00000-0x17cdfffff, PA:0x14e400000, size:0x200000
2025-06-17 03:38:03,876 - [MEMORY] ------------ Page 9: EL3, VA:0x139400000-0x1395fffff, PA:0x17c400000, size:0x200000
2025-06-17 03:38:03,876 - [MEMORY] ------------ Page 10: EL3, VA:0x89600000-0x897fffff, PA:0x176800000, size:0x200000
2025-06-17 03:38:03,877 - [MEMORY] ------------ Page 11: EL3, VA:0x8a200000-0x8a3fffff, PA:0x1f8a00000, size:0x200000
2025-06-17 03:38:03,877 - [MEMORY] ------------ Page 12: EL3, VA:0x8a400000-0x8a5fffff, PA:0x1f8c00000, size:0x200000
2025-06-17 03:38:03,878 - [MEMORY] ------------ Page 13: EL3, VA:0x82400000-0x825fffff, PA:0x1d1800000, size:0x200000
2025-06-17 03:38:03,878 - [MEMORY] ------------ Page 14: EL3, VA:0x82600000-0x827fffff, PA:0x1d1a00000, size:0x200000
2025-06-17 03:38:03,879 - [MEMORY] ------------ Page 15: EL3, VA:0x81200000-0x813fffff, PA:0x1f8e00000, size:0x200000
2025-06-17 03:38:03,879 - [MEMORY] ------------ Page 16: EL3, VA:0xe5800000-0xe59fffff, PA:0x1d5000000, size:0x200000
2025-06-17 03:38:03,879 - [MEMORY] ------ Memory Segments : 15
2025-06-17 03:38:03,879 - [MEMORY] ------------ Segment 0: VA:0x8195a000-0x8195b000, size:0x1000, type:Page_types.TYPE_CODE
2025-06-17 03:38:03,880 - [MEMORY] ------------ Segment 1: VA:0x819a0000-0x819a1000, size:0x1000, type:Page_types.TYPE_DATA
2025-06-17 03:38:03,880 - [MEMORY] ------------ Segment 2: VA:0x81e50c20-0x81e51c20, size:0x1000, type:Page_types.TYPE_CODE
2025-06-17 03:38:03,881 - [MEMORY] ------------ Segment 3: VA:0x81edca60-0x81edda60, size:0x1000, type:Page_types.TYPE_CODE
2025-06-17 03:38:03,881 - [MEMORY] ------------ Segment 4: VA:0x81ee3000-0x81ee3800, size:0x800, type:Page_types.TYPE_CODE
2025-06-17 03:38:03,881 - [MEMORY] ------------ Segment 5: VA:0x81f33c10-0x81f34c10, size:0x1000, type:Page_types.TYPE_CODE
2025-06-17 03:38:03,882 - [MEMORY] ------------ Segment 6: VA:0x82000000-0x82000200, size:0x200, type:Page_types.TYPE_CODE
2025-06-17 03:38:03,882 - [MEMORY] ------------ Segment 7: VA:0x82000380-0x82000580, size:0x200, type:Page_types.TYPE_CODE
2025-06-17 03:38:03,882 - [MEMORY] ------------ Segment 8: VA:0x89688860-0x89689060, size:0x800, type:Page_types.TYPE_DATA
2025-06-17 03:38:03,883 - [MEMORY] ------------ Segment 9: VA:0x8a3c4fe0-0x8a3c5fe0, size:0x1000, type:Page_types.TYPE_DATA
2025-06-17 03:38:03,883 - [MEMORY] ------------ Segment 10: VA:0xace22000-0xace23000, size:0x1000, type:Page_types.TYPE_CODE
2025-06-17 03:38:03,883 - [MEMORY] ------------ Segment 11: VA:0xe4e5aa80-0xe4e5b280, size:0x800, type:Page_types.TYPE_DATA
2025-06-17 03:38:03,884 - [MEMORY] ------------ Segment 12: VA:0xe4fdd2d0-0xe4fde2d0, size:0x1000, type:Page_types.TYPE_DATA
2025-06-17 03:38:03,884 - [MEMORY] ------------ Segment 13: VA:0x1310f1aa0-0x1310f2aa0, size:0x1000, type:Page_types.TYPE_CODE
2025-06-17 03:38:03,885 - [MEMORY] ------------ Segment 14: VA:0x17cce0e40-0x17cce1e40, size:0x1000, type:Page_types.TYPE_DATA
2025-06-17 03:38:03,885 - [MEMORY] ---- Page Table: core_0_el1_ns
2025-06-17 03:38:03,886 - [MEMORY] ------ Pages: 31 total (16 code, 15 data, 0 other)
2025-06-17 03:38:03,886 - [MEMORY] -------- Code Pages (16):
2025-06-17 03:38:03,887 - [MEMORY] ------------ Page 0: EL1_NS, VA:0x21f0f8000-0x21f0f8fff, PA:0xd5f3a000, size:0x1000
2025-06-17 03:38:03,887 - [MEMORY] ------------ Page 1: EL1_NS, VA:0x1e9036000-0x1e9036fff, PA:0x1d1402000, size:0x1000
2025-06-17 03:38:03,888 - [MEMORY] ------------ Page 2: EL1_NS, VA:0x1eb200000-0x1eb3fffff, PA:0x1d1600000, size:0x200000
2025-06-17 03:38:03,889 - [MEMORY] ------------ Page 3: EL1_NS, VA:0x1e9e00000-0x1e9ffffff, PA:0x1bfc00000, size:0x200000
2025-06-17 03:38:03,890 - [MEMORY] ------------ Page 4: EL1_NS, VA:0x21cde2000-0x21cde2fff, PA:0x1d3a3c000, size:0x1000
2025-06-17 03:38:03,890 - [MEMORY] ------------ Page 5: EL1_NS, VA:0x1ea470000-0x1ea470fff, PA:0xd5f47000, size:0x1000
2025-06-17 03:38:03,890 - [MEMORY] ------------ Page 6: EL1_NS, VA:0x264f50000-0x264f50fff, PA:0xbd40e000, size:0x1000
2025-06-17 03:38:03,890 - [MEMORY] ------------ Page 7: EL1_NS, VA:0x1ea003000-0x1ea003fff, PA:0x1d4042000, size:0x1000
2025-06-17 03:38:03,891 - [MEMORY] ------------ Page 8: EL1_NS, VA:0x1ea055000-0x1ea055fff, PA:0x1bfba0000, size:0x1000
2025-06-17 03:38:03,891 - [MEMORY] ------------ Page 9: EL1_NS, VA:0x1ea7c1000-0x1ea7c1fff, PA:0x1f9565000, size:0x1000
2025-06-17 03:38:03,891 - [MEMORY] ------------ Page 10: EL1_NS, VA:0x206600000-0x2067fffff, PA:0x1c0200000, size:0x200000
2025-06-17 03:38:03,891 - [MEMORY] ------------ Page 11: EL1_NS, VA:0x1ea200000-0x1ea3fffff, PA:0x1d6800000, size:0x200000
2025-06-17 03:38:03,892 - [MEMORY] ------------ Page 12: EL1_NS, VA:0x252400000-0x2525fffff, PA:0x1db000000, size:0x200000
2025-06-17 03:38:03,892 - [MEMORY] ------------ Page 13: EL1_NS, VA:0x268a00000-0x268bfffff, PA:0x211800000, size:0x200000
2025-06-17 03:38:03,892 - [MEMORY] ------------ Page 14: EL1_NS, VA:0x275600000-0x2757fffff, PA:0x98600000, size:0x200000
2025-06-17 03:38:03,893 - [MEMORY] ------------ Page 15: EL1_NS, VA:0x259c00000-0x259dfffff, PA:0x221400000, size:0x200000
2025-06-17 03:38:03,894 - [MEMORY] -------- Data Pages (15):
2025-06-17 03:38:03,894 - [MEMORY] ------------ Page 0: EL1_NS, VA:0x1eb400000-0x1eb5fffff, PA:0xd6000000, size:0x200000
2025-06-17 03:38:03,894 - [MEMORY] ------------ Page 1: EL1_NS, VA:0x1ea001000-0x1ea001fff, PA:0x1d4509000, size:0x1000
2025-06-17 03:38:03,895 - [MEMORY] ------------ Page 2: EL1_NS, VA:0x2591c2000-0x2591c2fff, PA:0x1e7904000, size:0x1000
2025-06-17 03:38:03,896 - [MEMORY] ------------ Page 3: EL1_NS, VA:0x1eac00000-0x1eadfffff, PA:0x1d4a00000, size:0x200000
2025-06-17 03:38:03,896 - [MEMORY] ------------ Page 4: EL1_NS, VA:0x263600000-0x2637fffff, PA:0x1bfe00000, size:0x200000
2025-06-17 03:38:03,896 - [MEMORY] ------------ Page 5: EL1_NS, VA:0x267a00000-0x267bfffff, PA:0x1d3000000, size:0x200000
2025-06-17 03:38:03,896 - [MEMORY] ------------ Page 6: EL1_NS, VA:0x16fa00000-0x16fbfffff, PA:0x14e600000, size:0x200000
2025-06-17 03:38:03,897 - [MEMORY] ------------ Page 7: EL1_NS, VA:0x1e9400000-0x1e95fffff, PA:0x1d5c00000, size:0x200000
2025-06-17 03:38:03,897 - [MEMORY] ------------ Page 8: EL1_NS, VA:0x232200000-0x2323fffff, PA:0x1d5a00000, size:0x200000
2025-06-17 03:38:03,897 - [MEMORY] ------------ Page 9: EL1_NS, VA:0x216c00000-0x216dfffff, PA:0x21d800000, size:0x200000
2025-06-17 03:38:03,897 - [MEMORY] ------------ Page 10: EL1_NS, VA:0x216e00000-0x216ffffff, PA:0x21da00000, size:0x200000
2025-06-17 03:38:03,898 - [MEMORY] ------------ Page 11: EL1_NS, VA:0x21d200000-0x21d3fffff, PA:0x1d4c00000, size:0x200000
2025-06-17 03:38:03,898 - [MEMORY] ------------ Page 12: EL1_NS, VA:0x21d400000-0x21d5fffff, PA:0x1d4e00000, size:0x200000
2025-06-17 03:38:03,898 - [MEMORY] ------------ Page 13: EL1_NS, VA:0x1eabd7000-0x1eabd7fff, PA:0x1d15d6000, size:0x1000
2025-06-17 03:38:03,898 - [MEMORY] ------------ Page 14: EL1_NS, VA:0x1eab6c000-0x1eab6cfff, PA:0x1c0415000, size:0x1000
2025-06-17 03:38:03,899 - [MEMORY] ------ Memory Segments : 13
2025-06-17 03:38:03,899 - [MEMORY] ------------ Segment 0: VA:0x1ea001000-0x1ea002000, size:0x1000, type:Page_types.TYPE_DATA
2025-06-17 03:38:03,899 - [MEMORY] ------------ Segment 1: VA:0x1ea3a1b00-0x1ea3a2b00, size:0x1000, type:Page_types.TYPE_CODE
2025-06-17 03:38:03,899 - [MEMORY] ------------ Segment 2: VA:0x1ea470000-0x1ea471000, size:0x1000, type:Page_types.TYPE_CODE
2025-06-17 03:38:03,900 - [MEMORY] ------------ Segment 3: VA:0x1ea7c1000-0x1ea7c2000, size:0x1000, type:Page_types.TYPE_CODE
2025-06-17 03:38:03,900 - [MEMORY] ------------ Segment 4: VA:0x1eabd7000-0x1eabd8000, size:0x1000, type:Page_types.TYPE_DATA
2025-06-17 03:38:03,900 - [MEMORY] ------------ Segment 5: VA:0x1eb24a2c0-0x1eb24b2c0, size:0x1000, type:Page_types.TYPE_CODE
2025-06-17 03:38:03,901 - [MEMORY] ------------ Segment 6: VA:0x1eb45aa80-0x1eb45b280, size:0x800, type:Page_types.TYPE_DATA
2025-06-17 03:38:03,902 - [MEMORY] ------------ Segment 7: VA:0x1eb5ce070-0x1eb5cf070, size:0x1000, type:Page_types.TYPE_DATA
2025-06-17 03:38:03,902 - [MEMORY] ------------ Segment 8: VA:0x20670b790-0x20670c790, size:0x1000, type:Page_types.TYPE_CODE
2025-06-17 03:38:03,903 - [MEMORY] ------------ Segment 9: VA:0x21f0f8000-0x21f0f9000, size:0x1000, type:Page_types.TYPE_CODE
2025-06-17 03:38:03,904 - [MEMORY] ------------ Segment 10: VA:0x2322d38a0-0x2322d40a0, size:0x800, type:Page_types.TYPE_DATA
2025-06-17 03:38:03,904 - [MEMORY] ------------ Segment 11: VA:0x2591c2000-0x2591c3000, size:0x1000, type:Page_types.TYPE_DATA
2025-06-17 03:38:03,904 - [MEMORY] ------------ Segment 12: VA:0x259c21800-0x259c22000, size:0x800, type:Page_types.TYPE_CODE
2025-06-17 03:38:03,905 - [MEMORY] ---- Page Table: core_1_el3_root
2025-06-17 03:38:03,905 - [MEMORY] ------ Pages: 38 total (23 code, 15 data, 0 other)
2025-06-17 03:38:03,906 - [MEMORY] -------- Code Pages (23):
2025-06-17 03:38:03,906 - [MEMORY] ------------ Page 0: EL3, VA:0x27e400000-0x27e5fffff, PA:0x27e400000, size:0x200000
2025-06-17 03:38:03,906 - [MEMORY] ------------ Page 1: EL3, VA:0x231063000-0x231063fff, PA:0x1458ef000, size:0x1000
2025-06-17 03:38:03,906 - [MEMORY] ------------ Page 2: EL3, VA:0xe520a000-0xe520afff, PA:0xa3225000, size:0x1000
2025-06-17 03:38:03,907 - [MEMORY] ------------ Page 3: EL3, VA:0x135420000-0x135420fff, PA:0x1d63af000, size:0x1000
2025-06-17 03:38:03,907 - [MEMORY] ------------ Page 4: EL3, VA:0x135421000-0x135421fff, PA:0x1d63b0000, size:0x1000
2025-06-17 03:38:03,907 - [MEMORY] ------------ Page 5: EL3, VA:0x135422000-0x135422fff, PA:0x1d63b1000, size:0x1000
2025-06-17 03:38:03,907 - [MEMORY] ------------ Page 6: EL3, VA:0x1f689a000-0x1f689afff, PA:0xb2335000, size:0x1000
2025-06-17 03:38:03,908 - [MEMORY] ------------ Page 7: EL3, VA:0x1f689b000-0x1f689bfff, PA:0xb2336000, size:0x1000
2025-06-17 03:38:03,908 - [MEMORY] ------------ Page 8: EL3, VA:0x1f689c000-0x1f689cfff, PA:0xb2337000, size:0x1000
2025-06-17 03:38:03,908 - [MEMORY] ------------ Page 9: EL3, VA:0x204a00000-0x204bfffff, PA:0x1d4600000, size:0x200000
2025-06-17 03:38:03,908 - [MEMORY] ------------ Page 10: EL3, VA:0xd7800000-0xd79fffff, PA:0x27f000000, size:0x200000
2025-06-17 03:38:03,909 - [MEMORY] ------------ Page 11: EL3, VA:0x1224f2000-0x1224f2fff, PA:0x1d4161000, size:0x1000
2025-06-17 03:38:03,909 - [MEMORY] ------------ Page 12: EL3, VA:0x239c22000-0x239c22fff, PA:0xd5fd0000, size:0x1000
2025-06-17 03:38:03,909 - [MEMORY] ------------ Page 13: EL3, VA:0x11fa01000-0x11fa01fff, PA:0x1d4145000, size:0x1000
2025-06-17 03:38:03,910 - [MEMORY] ------------ Page 14: EL3, VA:0x11fa02000-0x11fa02fff, PA:0x1d4146000, size:0x1000
2025-06-17 03:38:03,910 - [MEMORY] ------------ Page 15: EL3, VA:0x27fec0000-0x27fec0fff, PA:0x1d1139000, size:0x1000
2025-06-17 03:38:03,910 - [MEMORY] ------------ Page 16: EL3, VA:0x27fec1000-0x27fec1fff, PA:0x1d113a000, size:0x1000
2025-06-17 03:38:03,910 - [MEMORY] ------------ Page 17: EL3, VA:0xafa00000-0xafbfffff, PA:0xae600000, size:0x200000
2025-06-17 03:38:03,911 - [MEMORY] ------------ Page 18: EL3, VA:0x27fa00000-0x27fbfffff, PA:0x1d5e00000, size:0x200000
2025-06-17 03:38:03,911 - [MEMORY] ------------ Page 19: EL3, VA:0x1299a5000-0x1299a5fff, PA:0x1d552b000, size:0x1000
2025-06-17 03:38:03,911 - [MEMORY] ------------ Page 20: EL3, VA:0x2395d5000-0x2395d5fff, PA:0x1e1472000, size:0x1000
2025-06-17 03:38:03,912 - [MEMORY] ------------ Page 21: EL3, VA:0xb1a00000-0xb1bfffff, PA:0x1d6400000, size:0x200000
2025-06-17 03:38:03,912 - [MEMORY] ------------ Page 22: EL3, VA:0x1dfc00000-0x1dfdfffff, PA:0x1d3400000, size:0x200000
2025-06-17 03:38:03,912 - [MEMORY] -------- Data Pages (15):
2025-06-17 03:38:03,912 - [MEMORY] ------------ Page 0: EL3, VA:0x172800000-0x1729fffff, PA:0xd6000000, size:0x200000
2025-06-17 03:38:03,913 - [MEMORY] ------------ Page 1: EL3, VA:0xaf557000-0xaf557fff, PA:0x1c0412000, size:0x1000
2025-06-17 03:38:03,913 - [MEMORY] ------------ Page 2: EL3, VA:0x1ed27b000-0x1ed27bfff, PA:0xd5fd5000, size:0x1000
2025-06-17 03:38:03,913 - [MEMORY] ------------ Page 3: EL3, VA:0x1220bd000-0x1220bdfff, PA:0x1d4392000, size:0x1000
2025-06-17 03:38:03,914 - [MEMORY] ------------ Page 4: EL3, VA:0xdfa79000-0xdfa79fff, PA:0x27f63d000, size:0x1000
2025-06-17 03:38:03,914 - [MEMORY] ------------ Page 5: EL3, VA:0x27e600000-0x27e7fffff, PA:0x242000000, size:0x200000
2025-06-17 03:38:03,914 - [MEMORY] ------------ Page 6: EL3, VA:0x15ba00000-0x15bbfffff, PA:0x1d3c00000, size:0x200000
2025-06-17 03:38:03,914 - [MEMORY] ------------ Page 7: EL3, VA:0x144400000-0x1445fffff, PA:0x1d0c00000, size:0x200000
2025-06-17 03:38:03,914 - [MEMORY] ------------ Page 8: EL3, VA:0x132e00000-0x132ffffff, PA:0x1cf800000, size:0x200000
2025-06-17 03:38:03,915 - [MEMORY] ------------ Page 9: EL3, VA:0x1074d8000-0x1074d8fff, PA:0x1d6226000, size:0x1000
2025-06-17 03:38:03,915 - [MEMORY] ------------ Page 10: EL3, VA:0xe23b9000-0xe23b9fff, PA:0x1d3e2e000, size:0x1000
2025-06-17 03:38:03,915 - [MEMORY] ------------ Page 11: EL3, VA:0x233e00000-0x233ffffff, PA:0x1d7e00000, size:0x200000
2025-06-17 03:38:03,915 - [MEMORY] ------------ Page 12: EL3, VA:0x280000000-0x2801fffff, PA:0x81400000, size:0x200000
2025-06-17 03:38:03,916 - [MEMORY] ------------ Page 13: EL3, VA:0x11ea00000-0x11ebfffff, PA:0x14fe00000, size:0x200000
2025-06-17 03:38:03,916 - [MEMORY] ------------ Page 14: EL3, VA:0x233600000-0x2337fffff, PA:0x1d4800000, size:0x200000
2025-06-17 03:38:03,916 - [MEMORY] ------ Memory Segments : 14
2025-06-17 03:38:03,917 - [MEMORY] ------------ Segment 0: VA:0xaf557000-0xaf558000, size:0x1000, type:Page_types.TYPE_DATA
2025-06-17 03:38:03,917 - [MEMORY] ------------ Segment 1: VA:0xafbc1220-0xafbc2220, size:0x1000, type:Page_types.TYPE_CODE
2025-06-17 03:38:03,917 - [MEMORY] ------------ Segment 2: VA:0x11fa01800-0x11fa02000, size:0x800, type:Page_types.TYPE_CODE
2025-06-17 03:38:03,917 - [MEMORY] ------------ Segment 3: VA:0x1299a5000-0x1299a6000, size:0x1000, type:Page_types.TYPE_CODE
2025-06-17 03:38:03,917 - [MEMORY] ------------ Segment 4: VA:0x14455d700-0x14455e700, size:0x1000, type:Page_types.TYPE_DATA
2025-06-17 03:38:03,917 - [MEMORY] ------------ Segment 5: VA:0x17285aa80-0x17285b280, size:0x800, type:Page_types.TYPE_DATA
2025-06-17 03:38:03,918 - [MEMORY] ------------ Segment 6: VA:0x1729a72e0-0x1729a7ae0, size:0x800, type:Page_types.TYPE_DATA
2025-06-17 03:38:03,918 - [MEMORY] ------------ Segment 7: VA:0x1dfdaf8d0-0x1dfdb08d0, size:0x1000, type:Page_types.TYPE_CODE
2025-06-17 03:38:03,918 - [MEMORY] ------------ Segment 8: VA:0x204ba2210-0x204ba3210, size:0x1000, type:Page_types.TYPE_CODE
2025-06-17 03:38:03,918 - [MEMORY] ------------ Segment 9: VA:0x233ed83e0-0x233ed93e0, size:0x1000, type:Page_types.TYPE_DATA
2025-06-17 03:38:03,919 - [MEMORY] ------------ Segment 10: VA:0x2395d5000-0x2395d6000, size:0x1000, type:Page_types.TYPE_CODE
2025-06-17 03:38:03,919 - [MEMORY] ------------ Segment 11: VA:0x27e5c3ad0-0x27e5c3cd0, size:0x200, type:Page_types.TYPE_CODE
2025-06-17 03:38:03,919 - [MEMORY] ------------ Segment 12: VA:0x27e6d7eb0-0x27e6d8eb0, size:0x1000, type:Page_types.TYPE_DATA
2025-06-17 03:38:03,919 - [MEMORY] ------------ Segment 13: VA:0x27fec0080-0x27fec1080, size:0x1000, type:Page_types.TYPE_CODE
2025-06-17 03:38:03,919 - [MEMORY] ---- Page Table: core_1_el1_ns
2025-06-17 03:38:03,920 - [MEMORY] ------ Pages: 29 total (16 code, 13 data, 0 other)
2025-06-17 03:38:03,920 - [MEMORY] -------- Code Pages (16):
2025-06-17 03:38:03,920 - [MEMORY] ------------ Page 0: EL1_NS, VA:0x199400000-0x1995fffff, PA:0x1d6000000, size:0x200000
2025-06-17 03:38:03,921 - [MEMORY] ------------ Page 1: EL1_NS, VA:0x254400000-0x2545fffff, PA:0x1d2e00000, size:0x200000
2025-06-17 03:38:03,921 - [MEMORY] ------------ Page 2: EL1_NS, VA:0xc8400000-0xc85fffff, PA:0x1d9e00000, size:0x200000
2025-06-17 03:38:03,921 - [MEMORY] ------------ Page 3: EL1_NS, VA:0x91800000-0x919fffff, PA:0x1f9000000, size:0x200000
2025-06-17 03:38:03,921 - [MEMORY] ------------ Page 4: EL1_NS, VA:0x91a00000-0x91bfffff, PA:0x1d0e00000, size:0x200000
2025-06-17 03:38:03,921 - [MEMORY] ------------ Page 5: EL1_NS, VA:0x113800000-0x1139fffff, PA:0x1f2e00000, size:0x200000
2025-06-17 03:38:03,922 - [MEMORY] ------------ Page 6: EL1_NS, VA:0x18cb19000-0x18cb19fff, PA:0x1ecad2000, size:0x1000
2025-06-17 03:38:03,922 - [MEMORY] ------------ Page 7: EL1_NS, VA:0x275f77000-0x275f77fff, PA:0xd5ff8000, size:0x1000
2025-06-17 03:38:03,922 - [MEMORY] ------------ Page 8: EL1_NS, VA:0x91c00000-0x91dfffff, PA:0xa4c00000, size:0x200000
2025-06-17 03:38:03,922 - [MEMORY] ------------ Page 9: EL1_NS, VA:0xf3400000-0xf35fffff, PA:0x14ba00000, size:0x200000
2025-06-17 03:38:03,922 - [MEMORY] ------------ Page 10: EL1_NS, VA:0x11762c000-0x11762cfff, PA:0x150a1c000, size:0x1000
2025-06-17 03:38:03,923 - [MEMORY] ------------ Page 11: EL1_NS, VA:0x277901000-0x277901fff, PA:0xa5190000, size:0x1000
2025-06-17 03:38:03,923 - [MEMORY] ------------ Page 12: EL1_NS, VA:0x191e00000-0x191ffffff, PA:0x1c0000000, size:0x200000
2025-06-17 03:38:03,923 - [MEMORY] ------------ Page 13: EL1_NS, VA:0x115e00000-0x115ffffff, PA:0x1d3600000, size:0x200000
2025-06-17 03:38:03,924 - [MEMORY] ------------ Page 14: EL1_NS, VA:0x89600000-0x897fffff, PA:0x1f7c00000, size:0x200000
2025-06-17 03:38:03,924 - [MEMORY] ------------ Page 15: EL1_NS, VA:0x107a00000-0x107bfffff, PA:0x1f8000000, size:0x200000
2025-06-17 03:38:03,924 - [MEMORY] -------- Data Pages (13):
2025-06-17 03:38:03,924 - [MEMORY] ------------ Page 0: EL1_NS, VA:0x91e00000-0x91ffffff, PA:0xd6000000, size:0x200000
2025-06-17 03:38:03,925 - [MEMORY] ------------ Page 1: EL1_NS, VA:0x190514000-0x190514fff, PA:0x27ed1e000, size:0x1000
2025-06-17 03:38:03,925 - [MEMORY] ------------ Page 2: EL1_NS, VA:0x2747e2000-0x2747e2fff, PA:0x1d3e21000, size:0x1000
2025-06-17 03:38:03,925 - [MEMORY] ------------ Page 3: EL1_NS, VA:0x1dbc00000-0x1dbdfffff, PA:0x21ac00000, size:0x200000
2025-06-17 03:38:03,925 - [MEMORY] ------------ Page 4: EL1_NS, VA:0x275200000-0x2753fffff, PA:0x150400000, size:0x200000
2025-06-17 03:38:03,925 - [MEMORY] ------------ Page 5: EL1_NS, VA:0x1f00d3000-0x1f00d3fff, PA:0xa3997000, size:0x1000
2025-06-17 03:38:03,926 - [MEMORY] ------------ Page 6: EL1_NS, VA:0x2770ea000-0x2770eafff, PA:0x1d3e0d000, size:0x1000
2025-06-17 03:38:03,926 - [MEMORY] ------------ Page 7: EL1_NS, VA:0x88e00000-0x88ffffff, PA:0x1cfc00000, size:0x200000
2025-06-17 03:38:03,926 - [MEMORY] ------------ Page 8: EL1_NS, VA:0x8aa00000-0x8abfffff, PA:0x268400000, size:0x200000
2025-06-17 03:38:03,926 - [MEMORY] ------------ Page 9: EL1_NS, VA:0x27f600000-0x27f7fffff, PA:0x1cf600000, size:0x200000
2025-06-17 03:38:03,926 - [MEMORY] ------------ Page 10: EL1_NS, VA:0x112c00000-0x112dfffff, PA:0x172200000, size:0x200000
2025-06-17 03:38:03,927 - [MEMORY] ------------ Page 11: EL1_NS, VA:0x276200000-0x2763fffff, PA:0x153000000, size:0x200000
2025-06-17 03:38:03,928 - [MEMORY] ------------ Page 12: EL1_NS, VA:0x280000000-0x2801fffff, PA:0xc1e00000, size:0x200000
2025-06-17 03:38:03,928 - [MEMORY] ------ Memory Segments : 13
2025-06-17 03:38:03,929 - [MEMORY] ------------ Segment 0: VA:0x8960a560-0x8960b560, size:0x1000, type:Page_types.TYPE_CODE
2025-06-17 03:38:03,929 - [MEMORY] ------------ Segment 1: VA:0x91e5aa80-0x91e5b280, size:0x800, type:Page_types.TYPE_DATA
2025-06-17 03:38:03,930 - [MEMORY] ------------ Segment 2: VA:0xf35839b0-0xf35849b0, size:0x1000, type:Page_types.TYPE_CODE
2025-06-17 03:38:03,931 - [MEMORY] ------------ Segment 3: VA:0xf35c09e0-0xf35c19e0, size:0x1000, type:Page_types.TYPE_CODE
2025-06-17 03:38:03,931 - [MEMORY] ------------ Segment 4: VA:0x115f657b0-0x115f667b0, size:0x1000, type:Page_types.TYPE_CODE
2025-06-17 03:38:03,932 - [MEMORY] ------------ Segment 5: VA:0x191f097d0-0x191f0a7d0, size:0x1000, type:Page_types.TYPE_CODE
2025-06-17 03:38:03,932 - [MEMORY] ------------ Segment 6: VA:0x191f37000-0x191f37800, size:0x800, type:Page_types.TYPE_CODE
2025-06-17 03:38:03,932 - [MEMORY] ------------ Segment 7: VA:0x1f00d3000-0x1f00d4000, size:0x1000, type:Page_types.TYPE_DATA
2025-06-17 03:38:03,932 - [MEMORY] ------------ Segment 8: VA:0x27523f300-0x275240300, size:0x1000, type:Page_types.TYPE_DATA
2025-06-17 03:38:03,933 - [MEMORY] ------------ Segment 9: VA:0x277901000-0x277902000, size:0x1000, type:Page_types.TYPE_CODE
2025-06-17 03:38:03,933 - [MEMORY] ------------ Segment 10: VA:0x27f6d69c0-0x27f6d71c0, size:0x800, type:Page_types.TYPE_DATA
2025-06-17 03:38:03,933 - [MEMORY] ------------ Segment 11: VA:0x280124da0-0x280125da0, size:0x1000, type:Page_types.TYPE_DATA
2025-06-17 03:38:03,933 - [MEMORY] ------------ Segment 12: VA:0x2801f0600-0x2801f1600, size:0x1000, type:Page_types.TYPE_DATA
2025-06-17 03:38:03,933 - [MEMORY] ==== END MEMORY STATE SUMMARY ====
2025-06-17 03:38:03,934 - ============ init_scenarios
2025-06-17 03:38:03,934 - ================ import Internal_content
2025-06-17 03:38:03,978 - ======== body_section
2025-06-17 03:38:03,978 - ============ do_boot
2025-06-17 03:38:04,050 - ============ do_body
2025-06-17 03:38:04,053 - BODY:: Running core_0, scenario 1(:2), scenario random_instructions
2025-06-17 03:38:04,238 - BODY:: Running core_1, scenario 1(:2), scenario random_instructions
2025-06-17 03:38:04,396 - BODY:: Running core_0, scenario 2(:2), scenario random_instructions
2025-06-17 03:38:04,574 - BODY:: Running core_1, scenario 2(:2), scenario random_instructions
2025-06-17 03:38:04,752 - ============ do_final
2025-06-17 03:38:04,784 - Test generated successful :)
2025-06-17 03:38:04,784 - Test generation took 1.97 seconds
2025-06-17 03:38:04,785 - ======== final_section
2025-06-17 03:38:04,785 - ---- generation.json dump
2025-06-17 03:38:04,789 - ---- memory_usage.json dump
2025-06-17 03:38:04,800 - [MEMORY] ---- Creating Platform Memory Manager - Physical_Stage1_Mapping ::  EL3, ROOT, Stage1
2025-06-17 03:38:04,821 - [MEMORY] ================ enable_mmu - running GPT for core_0 - 31 pages were processed
2025-06-17 03:38:04,839 - [MEMORY] ================ enable_mmu - running GPT for core_1 - 29 pages were processed
2025-06-17 03:38:05,179 - ---- Assembly code generated successfully. Check Output/test.asm
2025-06-17 03:38:05,180 - ---- Running: 'aarch64-unknown-linux-gnu-as -march=armv9.2-a+cssc+bf16+crypto -o Output/test.o Output/test.asm'
2025-06-17 03:38:05,189 - ---- Success: Assembling 'Output/test.asm' to 'Output/test.o'
2025-06-17 03:38:05,189 - ---- Running: 'aarch64-unknown-linux-gnu-as -march=armv9.2-a+cssc+bf16+crypto -o Output/test_pg.o Output/pgt/pg_generic_gnu.s'
2025-06-17 03:38:05,202 - ---- Success: Assembling 'Output/pgt/pg_generic_gnu.s' to 'Output/test_pg.o'
2025-06-17 03:38:05,203 - ---- Running: 'aarch64-unknown-linux-gnu-as -march=armv9.2-a+cssc+bf16+crypto -o Output/test_pg_constants.o Output/pgt/pgt_constants.s'
2025-06-17 03:38:05,207 - ---- Success: Assembling 'Output/pgt/pgt_constants.s' to 'Output/test_pg_constants.o'
2025-06-17 03:38:05,239 - ---- Running: 'aarch64-unknown-linux-gnu-ld -T Output/automated_linker.ld --no-gc-sections --allow-multiple-definition -e 0x82000000 -z common-page-size=4096 -z max-page-size=4096 -o Output/test.elf Output/test.o Output/test_pg.o Output/test_pg_constants.o'
2025-06-17 03:38:05,267 - ---- Success: Linking files to produce 'Output/test.elf'
2025-06-17 03:38:05,268 - ---- Running: 'aarch64-unknown-linux-gnu-objdump -d -s Output/test.elf'
2025-06-17 03:38:05,314 - ---- Success: Generating objdump
2025-06-17 03:38:05,319 - ---- Running: '/home/nvcpu-sw-co100/cosim/1.0/current/debug_arm/x86_64/bin/runsim --cosim_smp --cosim_quant 1 --cosim_memquant 1 --cosim_advance 1 --cosim_s_ns_mem_duplicate --cosimtr_verbose 0 --cosim_verbose_tarmac --cosim_sec_melf Output/test.elf --cosim_models 1 --cosim_fail_max 20000 --dsim=/home/nvcpu-sw-co100/ccplexsim/1.0/current/debug_arm/x86_64/lib/libdsim_dbg.so --config.sim:platform_ns_bit_position=48 --config.core.sim:disable_tsim_platform=1 --configtsim /home/nvcpu-sw-co100/tsim/1.0/current/debug_arm/x86_64/lib/libtsim_develop.so -core_quant 1 --target olympus-dv -cpu olympus -reset_pc 0x82000000 -trickbox_base 0x13000000 -smp 2 -activate_coremask 3 -logs 0x3 -trickbox_log Output/iss_prerun.tbox.log --tsim=/home/nvcpu-sw-co100/tsim/1.0/current/debug_arm/x86_64/lib/libtsim_develop.so --target olympus-dv -cpu olympus -reset_pc 0x82000000 -trickbox_base 0x13000000 -smp 2 -activate_coremask 3'
2025-06-17 03:38:05,467 - ---- Success: Rerunning 'Output/test.elf' on ISS
2025-06-17 03:38:05,467 - ---- Build process completed successfully!
2025-06-17 03:38:05,467 - Finalizing...
2025-06-17 03:38:05,469 - Test generated 4 scenarios and 869 instructions
2025-06-17 03:38:05,469 - Test total took 2.65 seconds
2025-06-17 03:38:05,598 - Test was successful :)

2025-06-17 03:38:05,598 - Mission accomplished...
